    1C
    1UUSER                                                              
    1UDATE              25.may.2018                                     
    1UTIME              12:41:25                                        
    1UHOST                                                              
    1UPGM               CalculiX                                        
    1UDIR                                                               
    1UDBN                                                               
    1UMAT    1MATERIAL-1                                                
    2C                           973                                     1
 -1         1-2.50000E+01 0.00000E+00 2.00000E+02
 -1         2-2.50000E+01 5.00000E+00 2.00000E+02
 -1         3-2.50000E+01 0.00000E+00 1.90000E+02
 -1         4-2.50000E+01 5.00000E+00 1.90000E+02
 -1         5-2.50000E+01 0.00000E+00 1.80000E+02
 -1         6-2.50000E+01 5.00000E+00 1.80000E+02
 -1         7-2.50000E+01 0.00000E+00 1.70000E+02
 -1         8-2.50000E+01 5.00000E+00 1.70000E+02
 -1         9-2.50000E+01 0.00000E+00 1.60000E+02
 -1        10-2.50000E+01 5.00000E+00 1.60000E+02
 -1        11-2.50000E+01 0.00000E+00 1.50000E+02
 -1        12-2.50000E+01 5.00000E+00 1.50000E+02
 -1        13-2.50000E+01 0.00000E+00 1.40000E+02
 -1        14-2.50000E+01 5.00000E+00 1.40000E+02
 -1        15-2.50000E+01 0.00000E+00 1.30000E+02
 -1        16-2.50000E+01 5.00000E+00 1.30000E+02
 -1        17-2.50000E+01 0.00000E+00 1.20000E+02
 -1        18-2.50000E+01 5.00000E+00 1.20000E+02
 -1        19-2.50000E+01 0.00000E+00 1.10000E+02
 -1        20-2.50000E+01 5.00000E+00 1.10000E+02
 -1        21-2.50000E+01 0.00000E+00 1.00000E+02
 -1        22-2.50000E+01 5.00000E+00 1.00000E+02
 -1        23-2.50000E+01 0.00000E+00 9.00000E+01
 -1        24-2.50000E+01 5.00000E+00 9.00000E+01
 -1        25-2.50000E+01 0.00000E+00 8.00000E+01
 -1        26-2.50000E+01 5.00000E+00 8.00000E+01
 -1        27-2.50000E+01 0.00000E+00 7.00000E+01
 -1        28-2.50000E+01 5.00000E+00 7.00000E+01
 -1        29-2.50000E+01 0.00000E+00 6.00000E+01
 -1        30-2.50000E+01 5.00000E+00 6.00000E+01
 -1        31-2.50000E+01 0.00000E+00 5.00000E+01
 -1        32-2.50000E+01 5.00000E+00 5.00000E+01
 -1        33-2.50000E+01 0.00000E+00 4.00000E+01
 -1        34-2.50000E+01 5.00000E+00 4.00000E+01
 -1        35-2.50000E+01 0.00000E+00 3.00000E+01
 -1        36-2.50000E+01 5.00000E+00 3.00000E+01
 -1        37-2.50000E+01 0.00000E+00 2.00000E+01
 -1        38-2.50000E+01 5.00000E+00 2.00000E+01
 -1        39-2.50000E+01 0.00000E+00 1.00000E+01
 -1        40-2.50000E+01 5.00000E+00 1.00000E+01
 -1        41-2.50000E+01 0.00000E+00 0.00000E+00
 -1        42-2.50000E+01 5.00000E+00 0.00000E+00
 -1        43-1.58333E+01 0.00000E+00 2.00000E+02
 -1        44-1.58333E+01 5.00000E+00 2.00000E+02
 -1        45-1.58333E+01 0.00000E+00 1.90000E+02
 -1        46-1.58333E+01 5.00000E+00 1.90000E+02
 -1        47-1.58333E+01 0.00000E+00 1.80000E+02
 -1        48-1.58333E+01 5.00000E+00 1.80000E+02
 -1        49-1.58333E+01 0.00000E+00 1.70000E+02
 -1        50-1.58333E+01 5.00000E+00 1.70000E+02
 -1        51-1.58333E+01 0.00000E+00 1.60000E+02
 -1        52-1.58333E+01 5.00000E+00 1.60000E+02
 -1        53-1.58333E+01 0.00000E+00 1.50000E+02
 -1        54-1.58333E+01 5.00000E+00 1.50000E+02
 -1        55-1.58333E+01 0.00000E+00 1.40000E+02
 -1        56-1.58333E+01 5.00000E+00 1.40000E+02
 -1        57-1.58333E+01 0.00000E+00 1.30000E+02
 -1        58-1.58333E+01 5.00000E+00 1.30000E+02
 -1        59-1.58333E+01 0.00000E+00 1.20000E+02
 -1        60-1.58333E+01 5.00000E+00 1.20000E+02
 -1        61-1.58333E+01 0.00000E+00 1.10000E+02
 -1        62-1.58333E+01 5.00000E+00 1.10000E+02
 -1        63-1.58333E+01 0.00000E+00 1.00000E+02
 -1        64-1.58333E+01 5.00000E+00 1.00000E+02
 -1        65-1.58333E+01 0.00000E+00 9.00000E+01
 -1        66-1.58333E+01 5.00000E+00 9.00000E+01
 -1        67-1.58333E+01 0.00000E+00 8.00000E+01
 -1        68-1.58333E+01 5.00000E+00 8.00000E+01
 -1        69-1.58333E+01 0.00000E+00 7.00000E+01
 -1        70-1.58333E+01 5.00000E+00 7.00000E+01
 -1        71-1.58333E+01 0.00000E+00 6.00000E+01
 -1        72-1.58333E+01 5.00000E+00 6.00000E+01
 -1        73-1.58333E+01 0.00000E+00 5.00000E+01
 -1        74-1.58333E+01 5.00000E+00 5.00000E+01
 -1        75-1.58333E+01 0.00000E+00 4.00000E+01
 -1        76-1.58333E+01 5.00000E+00 4.00000E+01
 -1        77-1.58333E+01 0.00000E+00 3.00000E+01
 -1        78-1.58333E+01 5.00000E+00 3.00000E+01
 -1        79-1.58333E+01 0.00000E+00 2.00000E+01
 -1        80-1.58333E+01 5.00000E+00 2.00000E+01
 -1        81-1.58333E+01 0.00000E+00 1.00000E+01
 -1        82-1.58333E+01 5.00000E+00 1.00000E+01
 -1        83-1.58333E+01 0.00000E+00 0.00000E+00
 -1        84-1.58333E+01 5.00000E+00 0.00000E+00
 -1        85-6.66667E+00 0.00000E+00 2.00000E+02
 -1        86-6.66667E+00 5.00000E+00 2.00000E+02
 -1        87-6.66667E+00 0.00000E+00 1.90000E+02
 -1        88-6.66667E+00 5.00000E+00 1.90000E+02
 -1        89-6.66667E+00 0.00000E+00 1.80000E+02
 -1        90-6.66667E+00 5.00000E+00 1.80000E+02
 -1        91-6.66667E+00 0.00000E+00 1.70000E+02
 -1        92-6.66667E+00 5.00000E+00 1.70000E+02
 -1        93-6.66667E+00 0.00000E+00 1.60000E+02
 -1        94-6.66667E+00 5.00000E+00 1.60000E+02
 -1        95-6.66667E+00 0.00000E+00 1.50000E+02
 -1        96-6.66667E+00 5.00000E+00 1.50000E+02
 -1        97-6.66667E+00 0.00000E+00 1.40000E+02
 -1        98-6.66667E+00 5.00000E+00 1.40000E+02
 -1        99-6.66667E+00 0.00000E+00 1.30000E+02
 -1       100-6.66667E+00 5.00000E+00 1.30000E+02
 -1       101-6.66667E+00 0.00000E+00 1.20000E+02
 -1       102-6.66667E+00 5.00000E+00 1.20000E+02
 -1       103-6.66667E+00 0.00000E+00 1.10000E+02
 -1       104-6.66667E+00 5.00000E+00 1.10000E+02
 -1       105-6.66667E+00 0.00000E+00 1.00000E+02
 -1       106-6.66667E+00 5.00000E+00 1.00000E+02
 -1       107-6.66667E+00 0.00000E+00 9.00000E+01
 -1       108-6.66667E+00 5.00000E+00 9.00000E+01
 -1       109-6.66667E+00 0.00000E+00 8.00000E+01
 -1       110-6.66667E+00 5.00000E+00 8.00000E+01
 -1       111-6.66667E+00 0.00000E+00 7.00000E+01
 -1       112-6.66667E+00 5.00000E+00 7.00000E+01
 -1       113-6.66667E+00 0.00000E+00 6.00000E+01
 -1       114-6.66667E+00 5.00000E+00 6.00000E+01
 -1       115-6.66667E+00 0.00000E+00 5.00000E+01
 -1       116-6.66667E+00 5.00000E+00 5.00000E+01
 -1       117-6.66667E+00 0.00000E+00 4.00000E+01
 -1       118-6.66667E+00 5.00000E+00 4.00000E+01
 -1       119-6.66667E+00 0.00000E+00 3.00000E+01
 -1       120-6.66667E+00 5.00000E+00 3.00000E+01
 -1       121-6.66667E+00 0.00000E+00 2.00000E+01
 -1       122-6.66667E+00 5.00000E+00 2.00000E+01
 -1       123-6.66667E+00 0.00000E+00 1.00000E+01
 -1       124-6.66667E+00 5.00000E+00 1.00000E+01
 -1       125-6.66667E+00 0.00000E+00 0.00000E+00
 -1       126-6.66667E+00 5.00000E+00 0.00000E+00
 -1       127 2.50000E+00 0.00000E+00 2.00000E+02
 -1       128 2.50000E+00 5.00000E+00 2.00000E+02
 -1       129 2.50000E+00 0.00000E+00 1.90000E+02
 -1       130 2.50000E+00 5.00000E+00 1.90000E+02
 -1       131 2.50000E+00 0.00000E+00 1.80000E+02
 -1       132 2.50000E+00 5.00000E+00 1.80000E+02
 -1       133 2.50000E+00 0.00000E+00 1.70000E+02
 -1       134 2.50000E+00 5.00000E+00 1.70000E+02
 -1       135 2.50000E+00 0.00000E+00 1.60000E+02
 -1       136 2.50000E+00 5.00000E+00 1.60000E+02
 -1       137 2.50000E+00 0.00000E+00 1.50000E+02
 -1       138 2.50000E+00 5.00000E+00 1.50000E+02
 -1       139 2.50000E+00 0.00000E+00 1.40000E+02
 -1       140 2.50000E+00 5.00000E+00 1.40000E+02
 -1       141 2.50000E+00 0.00000E+00 1.30000E+02
 -1       142 2.50000E+00 5.00000E+00 1.30000E+02
 -1       143 2.50000E+00 0.00000E+00 1.20000E+02
 -1       144 2.50000E+00 5.00000E+00 1.20000E+02
 -1       145 2.50000E+00 0.00000E+00 1.10000E+02
 -1       146 2.50000E+00 5.00000E+00 1.10000E+02
 -1       147 2.50000E+00 0.00000E+00 1.00000E+02
 -1       148 2.50000E+00 5.00000E+00 1.00000E+02
 -1       149 2.50000E+00 0.00000E+00 9.00000E+01
 -1       150 2.50000E+00 5.00000E+00 9.00000E+01
 -1       151 2.50000E+00 0.00000E+00 8.00000E+01
 -1       152 2.50000E+00 5.00000E+00 8.00000E+01
 -1       153 2.50000E+00 0.00000E+00 7.00000E+01
 -1       154 2.50000E+00 5.00000E+00 7.00000E+01
 -1       155 2.50000E+00 0.00000E+00 6.00000E+01
 -1       156 2.50000E+00 5.00000E+00 6.00000E+01
 -1       157 2.50000E+00 0.00000E+00 5.00000E+01
 -1       158 2.50000E+00 5.00000E+00 5.00000E+01
 -1       159 2.50000E+00 0.00000E+00 4.00000E+01
 -1       160 2.50000E+00 5.00000E+00 4.00000E+01
 -1       161 2.50000E+00 0.00000E+00 3.00000E+01
 -1       162 2.50000E+00 5.00000E+00 3.00000E+01
 -1       163 2.50000E+00 0.00000E+00 2.00000E+01
 -1       164 2.50000E+00 5.00000E+00 2.00000E+01
 -1       165 2.50000E+00 0.00000E+00 1.00000E+01
 -1       166 2.50000E+00 5.00000E+00 1.00000E+01
 -1       167 2.50000E+00 0.00000E+00 0.00000E+00
 -1       168 2.50000E+00 5.00000E+00 0.00000E+00
 -1       169 1.16667E+01 0.00000E+00 2.00000E+02
 -1       170 1.16667E+01 5.00000E+00 2.00000E+02
 -1       171 1.16667E+01 0.00000E+00 1.90000E+02
 -1       172 1.16667E+01 5.00000E+00 1.90000E+02
 -1       173 1.16667E+01 0.00000E+00 1.80000E+02
 -1       174 1.16667E+01 5.00000E+00 1.80000E+02
 -1       175 1.16667E+01 0.00000E+00 1.70000E+02
 -1       176 1.16667E+01 5.00000E+00 1.70000E+02
 -1       177 1.16667E+01 0.00000E+00 1.60000E+02
 -1       178 1.16667E+01 5.00000E+00 1.60000E+02
 -1       179 1.16667E+01 0.00000E+00 1.50000E+02
 -1       180 1.16667E+01 5.00000E+00 1.50000E+02
 -1       181 1.16667E+01 0.00000E+00 1.40000E+02
 -1       182 1.16667E+01 5.00000E+00 1.40000E+02
 -1       183 1.16667E+01 0.00000E+00 1.30000E+02
 -1       184 1.16667E+01 5.00000E+00 1.30000E+02
 -1       185 1.16667E+01 0.00000E+00 1.20000E+02
 -1       186 1.16667E+01 5.00000E+00 1.20000E+02
 -1       187 1.16667E+01 0.00000E+00 1.10000E+02
 -1       188 1.16667E+01 5.00000E+00 1.10000E+02
 -1       189 1.16667E+01 0.00000E+00 1.00000E+02
 -1       190 1.16667E+01 5.00000E+00 1.00000E+02
 -1       191 1.16667E+01 0.00000E+00 9.00000E+01
 -1       192 1.16667E+01 5.00000E+00 9.00000E+01
 -1       193 1.16667E+01 0.00000E+00 8.00000E+01
 -1       194 1.16667E+01 5.00000E+00 8.00000E+01
 -1       195 1.16667E+01 0.00000E+00 7.00000E+01
 -1       196 1.16667E+01 5.00000E+00 7.00000E+01
 -1       197 1.16667E+01 0.00000E+00 6.00000E+01
 -1       198 1.16667E+01 5.00000E+00 6.00000E+01
 -1       199 1.16667E+01 0.00000E+00 5.00000E+01
 -1       200 1.16667E+01 5.00000E+00 5.00000E+01
 -1       201 1.16667E+01 0.00000E+00 4.00000E+01
 -1       202 1.16667E+01 5.00000E+00 4.00000E+01
 -1       203 1.16667E+01 0.00000E+00 3.00000E+01
 -1       204 1.16667E+01 5.00000E+00 3.00000E+01
 -1       205 1.16667E+01 0.00000E+00 2.00000E+01
 -1       206 1.16667E+01 5.00000E+00 2.00000E+01
 -1       207 1.16667E+01 0.00000E+00 1.00000E+01
 -1       208 1.16667E+01 5.00000E+00 1.00000E+01
 -1       209 1.16667E+01 0.00000E+00 0.00000E+00
 -1       210 1.16667E+01 5.00000E+00 0.00000E+00
 -1       211 2.08333E+01 0.00000E+00 2.00000E+02
 -1       212 2.08333E+01 5.00000E+00 2.00000E+02
 -1       213 2.08333E+01 0.00000E+00 1.90000E+02
 -1       214 2.08333E+01 5.00000E+00 1.90000E+02
 -1       215 2.08333E+01 0.00000E+00 1.80000E+02
 -1       216 2.08333E+01 5.00000E+00 1.80000E+02
 -1       217 2.08333E+01 0.00000E+00 1.70000E+02
 -1       218 2.08333E+01 5.00000E+00 1.70000E+02
 -1       219 2.08333E+01 0.00000E+00 1.60000E+02
 -1       220 2.08333E+01 5.00000E+00 1.60000E+02
 -1       221 2.08333E+01 0.00000E+00 1.50000E+02
 -1       222 2.08333E+01 5.00000E+00 1.50000E+02
 -1       223 2.08333E+01 0.00000E+00 1.40000E+02
 -1       224 2.08333E+01 5.00000E+00 1.40000E+02
 -1       225 2.08333E+01 0.00000E+00 1.30000E+02
 -1       226 2.08333E+01 5.00000E+00 1.30000E+02
 -1       227 2.08333E+01 0.00000E+00 1.20000E+02
 -1       228 2.08333E+01 5.00000E+00 1.20000E+02
 -1       229 2.08333E+01 0.00000E+00 1.10000E+02
 -1       230 2.08333E+01 5.00000E+00 1.10000E+02
 -1       231 2.08333E+01 0.00000E+00 1.00000E+02
 -1       232 2.08333E+01 5.00000E+00 1.00000E+02
 -1       233 2.08333E+01 0.00000E+00 9.00000E+01
 -1       234 2.08333E+01 5.00000E+00 9.00000E+01
 -1       235 2.08333E+01 0.00000E+00 8.00000E+01
 -1       236 2.08333E+01 5.00000E+00 8.00000E+01
 -1       237 2.08333E+01 0.00000E+00 7.00000E+01
 -1       238 2.08333E+01 5.00000E+00 7.00000E+01
 -1       239 2.08333E+01 0.00000E+00 6.00000E+01
 -1       240 2.08333E+01 5.00000E+00 6.00000E+01
 -1       241 2.08333E+01 0.00000E+00 5.00000E+01
 -1       242 2.08333E+01 5.00000E+00 5.00000E+01
 -1       243 2.08333E+01 0.00000E+00 4.00000E+01
 -1       244 2.08333E+01 5.00000E+00 4.00000E+01
 -1       245 2.08333E+01 0.00000E+00 3.00000E+01
 -1       246 2.08333E+01 5.00000E+00 3.00000E+01
 -1       247 2.08333E+01 0.00000E+00 2.00000E+01
 -1       248 2.08333E+01 5.00000E+00 2.00000E+01
 -1       249 2.08333E+01 0.00000E+00 1.00000E+01
 -1       250 2.08333E+01 5.00000E+00 1.00000E+01
 -1       251 2.08333E+01 0.00000E+00 0.00000E+00
 -1       252 2.08333E+01 5.00000E+00 0.00000E+00
 -1       253 3.00000E+01 0.00000E+00 2.00000E+02
 -1       254 3.00000E+01 5.00000E+00 2.00000E+02
 -1       255 3.00000E+01 0.00000E+00 1.90000E+02
 -1       256 3.00000E+01 5.00000E+00 1.90000E+02
 -1       257 3.00000E+01 0.00000E+00 1.80000E+02
 -1       258 3.00000E+01 5.00000E+00 1.80000E+02
 -1       259 3.00000E+01 0.00000E+00 1.70000E+02
 -1       260 3.00000E+01 5.00000E+00 1.70000E+02
 -1       261 3.00000E+01 0.00000E+00 1.60000E+02
 -1       262 3.00000E+01 5.00000E+00 1.60000E+02
 -1       263 3.00000E+01 0.00000E+00 1.50000E+02
 -1       264 3.00000E+01 5.00000E+00 1.50000E+02
 -1       265 3.00000E+01 0.00000E+00 1.40000E+02
 -1       266 3.00000E+01 5.00000E+00 1.40000E+02
 -1       267 3.00000E+01 0.00000E+00 1.30000E+02
 -1       268 3.00000E+01 5.00000E+00 1.30000E+02
 -1       269 3.00000E+01 0.00000E+00 1.20000E+02
 -1       270 3.00000E+01 5.00000E+00 1.20000E+02
 -1       271 3.00000E+01 0.00000E+00 1.10000E+02
 -1       272 3.00000E+01 5.00000E+00 1.10000E+02
 -1       273 3.00000E+01 0.00000E+00 1.00000E+02
 -1       274 3.00000E+01 5.00000E+00 1.00000E+02
 -1       275 3.00000E+01 0.00000E+00 9.00000E+01
 -1       276 3.00000E+01 5.00000E+00 9.00000E+01
 -1       277 3.00000E+01 0.00000E+00 8.00000E+01
 -1       278 3.00000E+01 5.00000E+00 8.00000E+01
 -1       279 3.00000E+01 0.00000E+00 7.00000E+01
 -1       280 3.00000E+01 5.00000E+00 7.00000E+01
 -1       281 3.00000E+01 0.00000E+00 6.00000E+01
 -1       282 3.00000E+01 5.00000E+00 6.00000E+01
 -1       283 3.00000E+01 0.00000E+00 5.00000E+01
 -1       284 3.00000E+01 5.00000E+00 5.00000E+01
 -1       285 3.00000E+01 0.00000E+00 4.00000E+01
 -1       286 3.00000E+01 5.00000E+00 4.00000E+01
 -1       287 3.00000E+01 0.00000E+00 3.00000E+01
 -1       288 3.00000E+01 5.00000E+00 3.00000E+01
 -1       289 3.00000E+01 0.00000E+00 2.00000E+01
 -1       290 3.00000E+01 5.00000E+00 2.00000E+01
 -1       291 3.00000E+01 0.00000E+00 1.00000E+01
 -1       292 3.00000E+01 5.00000E+00 1.00000E+01
 -1       293 3.00000E+01 0.00000E+00 0.00000E+00
 -1       294 3.00000E+01 5.00000E+00 0.00000E+00
 -1       295-1.58333E+01 0.00000E+00 1.95000E+02
 -1       296-1.58333E+01 2.50000E+00 1.90000E+02
 -1       297-1.58333E+01 5.00000E+00 1.95000E+02
 -1       298-1.58333E+01 2.50000E+00 2.00000E+02
 -1       299-2.50000E+01 2.50000E+00 2.00000E+02
 -1       300-2.50000E+01 5.00000E+00 1.95000E+02
 -1       301-2.50000E+01 2.50000E+00 1.90000E+02
 -1       302-2.50000E+01 0.00000E+00 1.95000E+02
 -1       303-2.04167E+01 5.00000E+00 2.00000E+02
 -1       304-2.04167E+01 0.00000E+00 2.00000E+02
 -1       305-2.04167E+01 5.00000E+00 1.90000E+02
 -1       306-2.04167E+01 0.00000E+00 1.90000E+02
 -1       307-1.58333E+01 0.00000E+00 1.85000E+02
 -1       308-1.58333E+01 2.50000E+00 1.80000E+02
 -1       309-1.58333E+01 5.00000E+00 1.85000E+02
 -1       310-2.50000E+01 5.00000E+00 1.85000E+02
 -1       311-2.50000E+01 2.50000E+00 1.80000E+02
 -1       312-2.50000E+01 0.00000E+00 1.85000E+02
 -1       313-2.04167E+01 5.00000E+00 1.80000E+02
 -1       314-2.04167E+01 0.00000E+00 1.80000E+02
 -1       315-1.58333E+01 0.00000E+00 1.75000E+02
 -1       316-1.58333E+01 2.50000E+00 1.70000E+02
 -1       317-1.58333E+01 5.00000E+00 1.75000E+02
 -1       318-2.50000E+01 5.00000E+00 1.75000E+02
 -1       319-2.50000E+01 2.50000E+00 1.70000E+02
 -1       320-2.50000E+01 0.00000E+00 1.75000E+02
 -1       321-2.04167E+01 5.00000E+00 1.70000E+02
 -1       322-2.04167E+01 0.00000E+00 1.70000E+02
 -1       323-1.58333E+01 0.00000E+00 1.65000E+02
 -1       324-1.58333E+01 2.50000E+00 1.60000E+02
 -1       325-1.58333E+01 5.00000E+00 1.65000E+02
 -1       326-2.50000E+01 5.00000E+00 1.65000E+02
 -1       327-2.50000E+01 2.50000E+00 1.60000E+02
 -1       328-2.50000E+01 0.00000E+00 1.65000E+02
 -1       329-2.04167E+01 5.00000E+00 1.60000E+02
 -1       330-2.04167E+01 0.00000E+00 1.60000E+02
 -1       331-1.58333E+01 0.00000E+00 1.55000E+02
 -1       332-1.58333E+01 2.50000E+00 1.50000E+02
 -1       333-1.58333E+01 5.00000E+00 1.55000E+02
 -1       334-2.50000E+01 5.00000E+00 1.55000E+02
 -1       335-2.50000E+01 2.50000E+00 1.50000E+02
 -1       336-2.50000E+01 0.00000E+00 1.55000E+02
 -1       337-2.04167E+01 5.00000E+00 1.50000E+02
 -1       338-2.04167E+01 0.00000E+00 1.50000E+02
 -1       339-1.58333E+01 0.00000E+00 1.45000E+02
 -1       340-1.58333E+01 2.50000E+00 1.40000E+02
 -1       341-1.58333E+01 5.00000E+00 1.45000E+02
 -1       342-2.50000E+01 5.00000E+00 1.45000E+02
 -1       343-2.50000E+01 2.50000E+00 1.40000E+02
 -1       344-2.50000E+01 0.00000E+00 1.45000E+02
 -1       345-2.04167E+01 5.00000E+00 1.40000E+02
 -1       346-2.04167E+01 0.00000E+00 1.40000E+02
 -1       347-1.58333E+01 0.00000E+00 1.35000E+02
 -1       348-1.58333E+01 2.50000E+00 1.30000E+02
 -1       349-1.58333E+01 5.00000E+00 1.35000E+02
 -1       350-2.50000E+01 5.00000E+00 1.35000E+02
 -1       351-2.50000E+01 2.50000E+00 1.30000E+02
 -1       352-2.50000E+01 0.00000E+00 1.35000E+02
 -1       353-2.04167E+01 5.00000E+00 1.30000E+02
 -1       354-2.04167E+01 0.00000E+00 1.30000E+02
 -1       355-1.58333E+01 0.00000E+00 1.25000E+02
 -1       356-1.58333E+01 2.50000E+00 1.20000E+02
 -1       357-1.58333E+01 5.00000E+00 1.25000E+02
 -1       358-2.50000E+01 5.00000E+00 1.25000E+02
 -1       359-2.50000E+01 2.50000E+00 1.20000E+02
 -1       360-2.50000E+01 0.00000E+00 1.25000E+02
 -1       361-2.04167E+01 5.00000E+00 1.20000E+02
 -1       362-2.04167E+01 0.00000E+00 1.20000E+02
 -1       363-1.58333E+01 0.00000E+00 1.15000E+02
 -1       364-1.58333E+01 2.50000E+00 1.10000E+02
 -1       365-1.58333E+01 5.00000E+00 1.15000E+02
 -1       366-2.50000E+01 5.00000E+00 1.15000E+02
 -1       367-2.50000E+01 2.50000E+00 1.10000E+02
 -1       368-2.50000E+01 0.00000E+00 1.15000E+02
 -1       369-2.04167E+01 5.00000E+00 1.10000E+02
 -1       370-2.04167E+01 0.00000E+00 1.10000E+02
 -1       371-1.58333E+01 0.00000E+00 1.05000E+02
 -1       372-1.58333E+01 2.50000E+00 1.00000E+02
 -1       373-1.58333E+01 5.00000E+00 1.05000E+02
 -1       374-2.50000E+01 5.00000E+00 1.05000E+02
 -1       375-2.50000E+01 2.50000E+00 1.00000E+02
 -1       376-2.50000E+01 0.00000E+00 1.05000E+02
 -1       377-2.04167E+01 5.00000E+00 1.00000E+02
 -1       378-2.04167E+01 0.00000E+00 1.00000E+02
 -1       379-1.58333E+01 0.00000E+00 9.50000E+01
 -1       380-1.58333E+01 2.50000E+00 9.00000E+01
 -1       381-1.58333E+01 5.00000E+00 9.50000E+01
 -1       382-2.50000E+01 5.00000E+00 9.50000E+01
 -1       383-2.50000E+01 2.50000E+00 9.00000E+01
 -1       384-2.50000E+01 0.00000E+00 9.50000E+01
 -1       385-2.04167E+01 5.00000E+00 9.00000E+01
 -1       386-2.04167E+01 0.00000E+00 9.00000E+01
 -1       387-1.58333E+01 0.00000E+00 8.50000E+01
 -1       388-1.58333E+01 2.50000E+00 8.00000E+01
 -1       389-1.58333E+01 5.00000E+00 8.50000E+01
 -1       390-2.50000E+01 5.00000E+00 8.50000E+01
 -1       391-2.50000E+01 2.50000E+00 8.00000E+01
 -1       392-2.50000E+01 0.00000E+00 8.50000E+01
 -1       393-2.04167E+01 5.00000E+00 8.00000E+01
 -1       394-2.04167E+01 0.00000E+00 8.00000E+01
 -1       395-1.58333E+01 0.00000E+00 7.50000E+01
 -1       396-1.58333E+01 2.50000E+00 7.00000E+01
 -1       397-1.58333E+01 5.00000E+00 7.50000E+01
 -1       398-2.50000E+01 5.00000E+00 7.50000E+01
 -1       399-2.50000E+01 2.50000E+00 7.00000E+01
 -1       400-2.50000E+01 0.00000E+00 7.50000E+01
 -1       401-2.04167E+01 5.00000E+00 7.00000E+01
 -1       402-2.04167E+01 0.00000E+00 7.00000E+01
 -1       403-1.58333E+01 0.00000E+00 6.50000E+01
 -1       404-1.58333E+01 2.50000E+00 6.00000E+01
 -1       405-1.58333E+01 5.00000E+00 6.50000E+01
 -1       406-2.50000E+01 5.00000E+00 6.50000E+01
 -1       407-2.50000E+01 2.50000E+00 6.00000E+01
 -1       408-2.50000E+01 0.00000E+00 6.50000E+01
 -1       409-2.04167E+01 5.00000E+00 6.00000E+01
 -1       410-2.04167E+01 0.00000E+00 6.00000E+01
 -1       411-1.58333E+01 0.00000E+00 5.50000E+01
 -1       412-1.58333E+01 2.50000E+00 5.00000E+01
 -1       413-1.58333E+01 5.00000E+00 5.50000E+01
 -1       414-2.50000E+01 5.00000E+00 5.50000E+01
 -1       415-2.50000E+01 2.50000E+00 5.00000E+01
 -1       416-2.50000E+01 0.00000E+00 5.50000E+01
 -1       417-2.04167E+01 5.00000E+00 5.00000E+01
 -1       418-2.04167E+01 0.00000E+00 5.00000E+01
 -1       419-1.58333E+01 0.00000E+00 4.50000E+01
 -1       420-1.58333E+01 2.50000E+00 4.00000E+01
 -1       421-1.58333E+01 5.00000E+00 4.50000E+01
 -1       422-2.50000E+01 5.00000E+00 4.50000E+01
 -1       423-2.50000E+01 2.50000E+00 4.00000E+01
 -1       424-2.50000E+01 0.00000E+00 4.50000E+01
 -1       425-2.04167E+01 5.00000E+00 4.00000E+01
 -1       426-2.04167E+01 0.00000E+00 4.00000E+01
 -1       427-1.58333E+01 0.00000E+00 3.50000E+01
 -1       428-1.58333E+01 2.50000E+00 3.00000E+01
 -1       429-1.58333E+01 5.00000E+00 3.50000E+01
 -1       430-2.50000E+01 5.00000E+00 3.50000E+01
 -1       431-2.50000E+01 2.50000E+00 3.00000E+01
 -1       432-2.50000E+01 0.00000E+00 3.50000E+01
 -1       433-2.04167E+01 5.00000E+00 3.00000E+01
 -1       434-2.04167E+01 0.00000E+00 3.00000E+01
 -1       435-1.58333E+01 0.00000E+00 2.50000E+01
 -1       436-1.58333E+01 2.50000E+00 2.00000E+01
 -1       437-1.58333E+01 5.00000E+00 2.50000E+01
 -1       438-2.50000E+01 5.00000E+00 2.50000E+01
 -1       439-2.50000E+01 2.50000E+00 2.00000E+01
 -1       440-2.50000E+01 0.00000E+00 2.50000E+01
 -1       441-2.04167E+01 5.00000E+00 2.00000E+01
 -1       442-2.04167E+01 0.00000E+00 2.00000E+01
 -1       443-1.58333E+01 0.00000E+00 1.50000E+01
 -1       444-1.58333E+01 2.50000E+00 1.00000E+01
 -1       445-1.58333E+01 5.00000E+00 1.50000E+01
 -1       446-2.50000E+01 5.00000E+00 1.50000E+01
 -1       447-2.50000E+01 2.50000E+00 1.00000E+01
 -1       448-2.50000E+01 0.00000E+00 1.50000E+01
 -1       449-2.04167E+01 5.00000E+00 1.00000E+01
 -1       450-2.04167E+01 0.00000E+00 1.00000E+01
 -1       451-1.58333E+01 0.00000E+00 5.00000E+00
 -1       452-1.58333E+01 2.50000E+00 0.00000E+00
 -1       453-1.58333E+01 5.00000E+00 5.00000E+00
 -1       454-2.50000E+01 5.00000E+00 5.00000E+00
 -1       455-2.50000E+01 2.50000E+00 0.00000E+00
 -1       456-2.50000E+01 0.00000E+00 5.00000E+00
 -1       457-2.04167E+01 5.00000E+00 0.00000E+00
 -1       458-2.04167E+01 0.00000E+00 0.00000E+00
 -1       459-6.66667E+00 0.00000E+00 1.95000E+02
 -1       460-6.66667E+00 2.50000E+00 1.90000E+02
 -1       461-6.66667E+00 5.00000E+00 1.95000E+02
 -1       462-6.66667E+00 2.50000E+00 2.00000E+02
 -1       463-1.12500E+01 5.00000E+00 2.00000E+02
 -1       464-1.12500E+01 0.00000E+00 2.00000E+02
 -1       465-1.12500E+01 5.00000E+00 1.90000E+02
 -1       466-1.12500E+01 0.00000E+00 1.90000E+02
 -1       467-6.66667E+00 0.00000E+00 1.85000E+02
 -1       468-6.66667E+00 2.50000E+00 1.80000E+02
 -1       469-6.66667E+00 5.00000E+00 1.85000E+02
 -1       470-1.12500E+01 5.00000E+00 1.80000E+02
 -1       471-1.12500E+01 0.00000E+00 1.80000E+02
 -1       472-6.66667E+00 0.00000E+00 1.75000E+02
 -1       473-6.66667E+00 2.50000E+00 1.70000E+02
 -1       474-6.66667E+00 5.00000E+00 1.75000E+02
 -1       475-1.12500E+01 5.00000E+00 1.70000E+02
 -1       476-1.12500E+01 0.00000E+00 1.70000E+02
 -1       477-6.66667E+00 0.00000E+00 1.65000E+02
 -1       478-6.66667E+00 2.50000E+00 1.60000E+02
 -1       479-6.66667E+00 5.00000E+00 1.65000E+02
 -1       480-1.12500E+01 5.00000E+00 1.60000E+02
 -1       481-1.12500E+01 0.00000E+00 1.60000E+02
 -1       482-6.66667E+00 0.00000E+00 1.55000E+02
 -1       483-6.66667E+00 2.50000E+00 1.50000E+02
 -1       484-6.66667E+00 5.00000E+00 1.55000E+02
 -1       485-1.12500E+01 5.00000E+00 1.50000E+02
 -1       486-1.12500E+01 0.00000E+00 1.50000E+02
 -1       487-6.66667E+00 0.00000E+00 1.45000E+02
 -1       488-6.66667E+00 2.50000E+00 1.40000E+02
 -1       489-6.66667E+00 5.00000E+00 1.45000E+02
 -1       490-1.12500E+01 5.00000E+00 1.40000E+02
 -1       491-1.12500E+01 0.00000E+00 1.40000E+02
 -1       492-6.66667E+00 0.00000E+00 1.35000E+02
 -1       493-6.66667E+00 2.50000E+00 1.30000E+02
 -1       494-6.66667E+00 5.00000E+00 1.35000E+02
 -1       495-1.12500E+01 5.00000E+00 1.30000E+02
 -1       496-1.12500E+01 0.00000E+00 1.30000E+02
 -1       497-6.66667E+00 0.00000E+00 1.25000E+02
 -1       498-6.66667E+00 2.50000E+00 1.20000E+02
 -1       499-6.66667E+00 5.00000E+00 1.25000E+02
 -1       500-1.12500E+01 5.00000E+00 1.20000E+02
 -1       501-1.12500E+01 0.00000E+00 1.20000E+02
 -1       502-6.66667E+00 0.00000E+00 1.15000E+02
 -1       503-6.66667E+00 2.50000E+00 1.10000E+02
 -1       504-6.66667E+00 5.00000E+00 1.15000E+02
 -1       505-1.12500E+01 5.00000E+00 1.10000E+02
 -1       506-1.12500E+01 0.00000E+00 1.10000E+02
 -1       507-6.66667E+00 0.00000E+00 1.05000E+02
 -1       508-6.66667E+00 2.50000E+00 1.00000E+02
 -1       509-6.66667E+00 5.00000E+00 1.05000E+02
 -1       510-1.12500E+01 5.00000E+00 1.00000E+02
 -1       511-1.12500E+01 0.00000E+00 1.00000E+02
 -1       512-6.66667E+00 0.00000E+00 9.50000E+01
 -1       513-6.66667E+00 2.50000E+00 9.00000E+01
 -1       514-6.66667E+00 5.00000E+00 9.50000E+01
 -1       515-1.12500E+01 5.00000E+00 9.00000E+01
 -1       516-1.12500E+01 0.00000E+00 9.00000E+01
 -1       517-6.66667E+00 0.00000E+00 8.50000E+01
 -1       518-6.66667E+00 2.50000E+00 8.00000E+01
 -1       519-6.66667E+00 5.00000E+00 8.50000E+01
 -1       520-1.12500E+01 5.00000E+00 8.00000E+01
 -1       521-1.12500E+01 0.00000E+00 8.00000E+01
 -1       522-6.66667E+00 0.00000E+00 7.50000E+01
 -1       523-6.66667E+00 2.50000E+00 7.00000E+01
 -1       524-6.66667E+00 5.00000E+00 7.50000E+01
 -1       525-1.12500E+01 5.00000E+00 7.00000E+01
 -1       526-1.12500E+01 0.00000E+00 7.00000E+01
 -1       527-6.66667E+00 0.00000E+00 6.50000E+01
 -1       528-6.66667E+00 2.50000E+00 6.00000E+01
 -1       529-6.66667E+00 5.00000E+00 6.50000E+01
 -1       530-1.12500E+01 5.00000E+00 6.00000E+01
 -1       531-1.12500E+01 0.00000E+00 6.00000E+01
 -1       532-6.66667E+00 0.00000E+00 5.50000E+01
 -1       533-6.66667E+00 2.50000E+00 5.00000E+01
 -1       534-6.66667E+00 5.00000E+00 5.50000E+01
 -1       535-1.12500E+01 5.00000E+00 5.00000E+01
 -1       536-1.12500E+01 0.00000E+00 5.00000E+01
 -1       537-6.66667E+00 0.00000E+00 4.50000E+01
 -1       538-6.66667E+00 2.50000E+00 4.00000E+01
 -1       539-6.66667E+00 5.00000E+00 4.50000E+01
 -1       540-1.12500E+01 5.00000E+00 4.00000E+01
 -1       541-1.12500E+01 0.00000E+00 4.00000E+01
 -1       542-6.66667E+00 0.00000E+00 3.50000E+01
 -1       543-6.66667E+00 2.50000E+00 3.00000E+01
 -1       544-6.66667E+00 5.00000E+00 3.50000E+01
 -1       545-1.12500E+01 5.00000E+00 3.00000E+01
 -1       546-1.12500E+01 0.00000E+00 3.00000E+01
 -1       547-6.66667E+00 0.00000E+00 2.50000E+01
 -1       548-6.66667E+00 2.50000E+00 2.00000E+01
 -1       549-6.66667E+00 5.00000E+00 2.50000E+01
 -1       550-1.12500E+01 5.00000E+00 2.00000E+01
 -1       551-1.12500E+01 0.00000E+00 2.00000E+01
 -1       552-6.66667E+00 0.00000E+00 1.50000E+01
 -1       553-6.66667E+00 2.50000E+00 1.00000E+01
 -1       554-6.66667E+00 5.00000E+00 1.50000E+01
 -1       555-1.12500E+01 5.00000E+00 1.00000E+01
 -1       556-1.12500E+01 0.00000E+00 1.00000E+01
 -1       557-6.66667E+00 0.00000E+00 5.00000E+00
 -1       558-6.66667E+00 2.50000E+00 0.00000E+00
 -1       559-6.66667E+00 5.00000E+00 5.00000E+00
 -1       560-1.12500E+01 5.00000E+00 0.00000E+00
 -1       561-1.12500E+01 0.00000E+00 0.00000E+00
 -1       562 2.50000E+00 0.00000E+00 1.95000E+02
 -1       563 2.50000E+00 2.50000E+00 1.90000E+02
 -1       564 2.50000E+00 5.00000E+00 1.95000E+02
 -1       565 2.50000E+00 2.50000E+00 2.00000E+02
 -1       566-2.08333E+00 5.00000E+00 2.00000E+02
 -1       567-2.08333E+00 0.00000E+00 2.00000E+02
 -1       568-2.08333E+00 5.00000E+00 1.90000E+02
 -1       569-2.08333E+00 0.00000E+00 1.90000E+02
 -1       570 2.50000E+00 0.00000E+00 1.85000E+02
 -1       571 2.50000E+00 2.50000E+00 1.80000E+02
 -1       572 2.50000E+00 5.00000E+00 1.85000E+02
 -1       573-2.08333E+00 5.00000E+00 1.80000E+02
 -1       574-2.08333E+00 0.00000E+00 1.80000E+02
 -1       575 2.50000E+00 0.00000E+00 1.75000E+02
 -1       576 2.50000E+00 2.50000E+00 1.70000E+02
 -1       577 2.50000E+00 5.00000E+00 1.75000E+02
 -1       578-2.08333E+00 5.00000E+00 1.70000E+02
 -1       579-2.08333E+00 0.00000E+00 1.70000E+02
 -1       580 2.50000E+00 0.00000E+00 1.65000E+02
 -1       581 2.50000E+00 2.50000E+00 1.60000E+02
 -1       582 2.50000E+00 5.00000E+00 1.65000E+02
 -1       583-2.08333E+00 5.00000E+00 1.60000E+02
 -1       584-2.08333E+00 0.00000E+00 1.60000E+02
 -1       585 2.50000E+00 0.00000E+00 1.55000E+02
 -1       586 2.50000E+00 2.50000E+00 1.50000E+02
 -1       587 2.50000E+00 5.00000E+00 1.55000E+02
 -1       588-2.08333E+00 5.00000E+00 1.50000E+02
 -1       589-2.08333E+00 0.00000E+00 1.50000E+02
 -1       590 2.50000E+00 0.00000E+00 1.45000E+02
 -1       591 2.50000E+00 2.50000E+00 1.40000E+02
 -1       592 2.50000E+00 5.00000E+00 1.45000E+02
 -1       593-2.08333E+00 5.00000E+00 1.40000E+02
 -1       594-2.08333E+00 0.00000E+00 1.40000E+02
 -1       595 2.50000E+00 0.00000E+00 1.35000E+02
 -1       596 2.50000E+00 2.50000E+00 1.30000E+02
 -1       597 2.50000E+00 5.00000E+00 1.35000E+02
 -1       598-2.08333E+00 5.00000E+00 1.30000E+02
 -1       599-2.08333E+00 0.00000E+00 1.30000E+02
 -1       600 2.50000E+00 0.00000E+00 1.25000E+02
 -1       601 2.50000E+00 2.50000E+00 1.20000E+02
 -1       602 2.50000E+00 5.00000E+00 1.25000E+02
 -1       603-2.08333E+00 5.00000E+00 1.20000E+02
 -1       604-2.08333E+00 0.00000E+00 1.20000E+02
 -1       605 2.50000E+00 0.00000E+00 1.15000E+02
 -1       606 2.50000E+00 2.50000E+00 1.10000E+02
 -1       607 2.50000E+00 5.00000E+00 1.15000E+02
 -1       608-2.08333E+00 5.00000E+00 1.10000E+02
 -1       609-2.08333E+00 0.00000E+00 1.10000E+02
 -1       610 2.50000E+00 0.00000E+00 1.05000E+02
 -1       611 2.50000E+00 2.50000E+00 1.00000E+02
 -1       612 2.50000E+00 5.00000E+00 1.05000E+02
 -1       613-2.08333E+00 5.00000E+00 1.00000E+02
 -1       614-2.08333E+00 0.00000E+00 1.00000E+02
 -1       615 2.50000E+00 0.00000E+00 9.50000E+01
 -1       616 2.50000E+00 2.50000E+00 9.00000E+01
 -1       617 2.50000E+00 5.00000E+00 9.50000E+01
 -1       618-2.08333E+00 5.00000E+00 9.00000E+01
 -1       619-2.08333E+00 0.00000E+00 9.00000E+01
 -1       620 2.50000E+00 0.00000E+00 8.50000E+01
 -1       621 2.50000E+00 2.50000E+00 8.00000E+01
 -1       622 2.50000E+00 5.00000E+00 8.50000E+01
 -1       623-2.08333E+00 5.00000E+00 8.00000E+01
 -1       624-2.08333E+00 0.00000E+00 8.00000E+01
 -1       625 2.50000E+00 0.00000E+00 7.50000E+01
 -1       626 2.50000E+00 2.50000E+00 7.00000E+01
 -1       627 2.50000E+00 5.00000E+00 7.50000E+01
 -1       628-2.08333E+00 5.00000E+00 7.00000E+01
 -1       629-2.08333E+00 0.00000E+00 7.00000E+01
 -1       630 2.50000E+00 0.00000E+00 6.50000E+01
 -1       631 2.50000E+00 2.50000E+00 6.00000E+01
 -1       632 2.50000E+00 5.00000E+00 6.50000E+01
 -1       633-2.08333E+00 5.00000E+00 6.00000E+01
 -1       634-2.08333E+00 0.00000E+00 6.00000E+01
 -1       635 2.50000E+00 0.00000E+00 5.50000E+01
 -1       636 2.50000E+00 2.50000E+00 5.00000E+01
 -1       637 2.50000E+00 5.00000E+00 5.50000E+01
 -1       638-2.08333E+00 5.00000E+00 5.00000E+01
 -1       639-2.08333E+00 0.00000E+00 5.00000E+01
 -1       640 2.50000E+00 0.00000E+00 4.50000E+01
 -1       641 2.50000E+00 2.50000E+00 4.00000E+01
 -1       642 2.50000E+00 5.00000E+00 4.50000E+01
 -1       643-2.08333E+00 5.00000E+00 4.00000E+01
 -1       644-2.08333E+00 0.00000E+00 4.00000E+01
 -1       645 2.50000E+00 0.00000E+00 3.50000E+01
 -1       646 2.50000E+00 2.50000E+00 3.00000E+01
 -1       647 2.50000E+00 5.00000E+00 3.50000E+01
 -1       648-2.08333E+00 5.00000E+00 3.00000E+01
 -1       649-2.08333E+00 0.00000E+00 3.00000E+01
 -1       650 2.50000E+00 0.00000E+00 2.50000E+01
 -1       651 2.50000E+00 2.50000E+00 2.00000E+01
 -1       652 2.50000E+00 5.00000E+00 2.50000E+01
 -1       653-2.08333E+00 5.00000E+00 2.00000E+01
 -1       654-2.08333E+00 0.00000E+00 2.00000E+01
 -1       655 2.50000E+00 0.00000E+00 1.50000E+01
 -1       656 2.50000E+00 2.50000E+00 1.00000E+01
 -1       657 2.50000E+00 5.00000E+00 1.50000E+01
 -1       658-2.08333E+00 5.00000E+00 1.00000E+01
 -1       659-2.08333E+00 0.00000E+00 1.00000E+01
 -1       660 2.50000E+00 0.00000E+00 5.00000E+00
 -1       661 2.50000E+00 2.50000E+00 0.00000E+00
 -1       662 2.50000E+00 5.00000E+00 5.00000E+00
 -1       663-2.08333E+00 5.00000E+00 0.00000E+00
 -1       664-2.08333E+00 0.00000E+00 0.00000E+00
 -1       665 1.16667E+01 0.00000E+00 1.95000E+02
 -1       666 1.16667E+01 2.50000E+00 1.90000E+02
 -1       667 1.16667E+01 5.00000E+00 1.95000E+02
 -1       668 1.16667E+01 2.50000E+00 2.00000E+02
 -1       669 7.08333E+00 5.00000E+00 2.00000E+02
 -1       670 7.08333E+00 0.00000E+00 2.00000E+02
 -1       671 7.08333E+00 5.00000E+00 1.90000E+02
 -1       672 7.08333E+00 0.00000E+00 1.90000E+02
 -1       673 1.16667E+01 0.00000E+00 1.85000E+02
 -1       674 1.16667E+01 2.50000E+00 1.80000E+02
 -1       675 1.16667E+01 5.00000E+00 1.85000E+02
 -1       676 7.08333E+00 5.00000E+00 1.80000E+02
 -1       677 7.08333E+00 0.00000E+00 1.80000E+02
 -1       678 1.16667E+01 0.00000E+00 1.75000E+02
 -1       679 1.16667E+01 2.50000E+00 1.70000E+02
 -1       680 1.16667E+01 5.00000E+00 1.75000E+02
 -1       681 7.08333E+00 5.00000E+00 1.70000E+02
 -1       682 7.08333E+00 0.00000E+00 1.70000E+02
 -1       683 1.16667E+01 0.00000E+00 1.65000E+02
 -1       684 1.16667E+01 2.50000E+00 1.60000E+02
 -1       685 1.16667E+01 5.00000E+00 1.65000E+02
 -1       686 7.08333E+00 5.00000E+00 1.60000E+02
 -1       687 7.08333E+00 0.00000E+00 1.60000E+02
 -1       688 1.16667E+01 0.00000E+00 1.55000E+02
 -1       689 1.16667E+01 2.50000E+00 1.50000E+02
 -1       690 1.16667E+01 5.00000E+00 1.55000E+02
 -1       691 7.08333E+00 5.00000E+00 1.50000E+02
 -1       692 7.08333E+00 0.00000E+00 1.50000E+02
 -1       693 1.16667E+01 0.00000E+00 1.45000E+02
 -1       694 1.16667E+01 2.50000E+00 1.40000E+02
 -1       695 1.16667E+01 5.00000E+00 1.45000E+02
 -1       696 7.08333E+00 5.00000E+00 1.40000E+02
 -1       697 7.08333E+00 0.00000E+00 1.40000E+02
 -1       698 1.16667E+01 0.00000E+00 1.35000E+02
 -1       699 1.16667E+01 2.50000E+00 1.30000E+02
 -1       700 1.16667E+01 5.00000E+00 1.35000E+02
 -1       701 7.08333E+00 5.00000E+00 1.30000E+02
 -1       702 7.08333E+00 0.00000E+00 1.30000E+02
 -1       703 1.16667E+01 0.00000E+00 1.25000E+02
 -1       704 1.16667E+01 2.50000E+00 1.20000E+02
 -1       705 1.16667E+01 5.00000E+00 1.25000E+02
 -1       706 7.08333E+00 5.00000E+00 1.20000E+02
 -1       707 7.08333E+00 0.00000E+00 1.20000E+02
 -1       708 1.16667E+01 0.00000E+00 1.15000E+02
 -1       709 1.16667E+01 2.50000E+00 1.10000E+02
 -1       710 1.16667E+01 5.00000E+00 1.15000E+02
 -1       711 7.08333E+00 5.00000E+00 1.10000E+02
 -1       712 7.08333E+00 0.00000E+00 1.10000E+02
 -1       713 1.16667E+01 0.00000E+00 1.05000E+02
 -1       714 1.16667E+01 2.50000E+00 1.00000E+02
 -1       715 1.16667E+01 5.00000E+00 1.05000E+02
 -1       716 7.08333E+00 5.00000E+00 1.00000E+02
 -1       717 7.08333E+00 0.00000E+00 1.00000E+02
 -1       718 1.16667E+01 0.00000E+00 9.50000E+01
 -1       719 1.16667E+01 2.50000E+00 9.00000E+01
 -1       720 1.16667E+01 5.00000E+00 9.50000E+01
 -1       721 7.08333E+00 5.00000E+00 9.00000E+01
 -1       722 7.08333E+00 0.00000E+00 9.00000E+01
 -1       723 1.16667E+01 0.00000E+00 8.50000E+01
 -1       724 1.16667E+01 2.50000E+00 8.00000E+01
 -1       725 1.16667E+01 5.00000E+00 8.50000E+01
 -1       726 7.08333E+00 5.00000E+00 8.00000E+01
 -1       727 7.08333E+00 0.00000E+00 8.00000E+01
 -1       728 1.16667E+01 0.00000E+00 7.50000E+01
 -1       729 1.16667E+01 2.50000E+00 7.00000E+01
 -1       730 1.16667E+01 5.00000E+00 7.50000E+01
 -1       731 7.08333E+00 5.00000E+00 7.00000E+01
 -1       732 7.08333E+00 0.00000E+00 7.00000E+01
 -1       733 1.16667E+01 0.00000E+00 6.50000E+01
 -1       734 1.16667E+01 2.50000E+00 6.00000E+01
 -1       735 1.16667E+01 5.00000E+00 6.50000E+01
 -1       736 7.08333E+00 5.00000E+00 6.00000E+01
 -1       737 7.08333E+00 0.00000E+00 6.00000E+01
 -1       738 1.16667E+01 0.00000E+00 5.50000E+01
 -1       739 1.16667E+01 2.50000E+00 5.00000E+01
 -1       740 1.16667E+01 5.00000E+00 5.50000E+01
 -1       741 7.08333E+00 5.00000E+00 5.00000E+01
 -1       742 7.08333E+00 0.00000E+00 5.00000E+01
 -1       743 1.16667E+01 0.00000E+00 4.50000E+01
 -1       744 1.16667E+01 2.50000E+00 4.00000E+01
 -1       745 1.16667E+01 5.00000E+00 4.50000E+01
 -1       746 7.08333E+00 5.00000E+00 4.00000E+01
 -1       747 7.08333E+00 0.00000E+00 4.00000E+01
 -1       748 1.16667E+01 0.00000E+00 3.50000E+01
 -1       749 1.16667E+01 2.50000E+00 3.00000E+01
 -1       750 1.16667E+01 5.00000E+00 3.50000E+01
 -1       751 7.08333E+00 5.00000E+00 3.00000E+01
 -1       752 7.08333E+00 0.00000E+00 3.00000E+01
 -1       753 1.16667E+01 0.00000E+00 2.50000E+01
 -1       754 1.16667E+01 2.50000E+00 2.00000E+01
 -1       755 1.16667E+01 5.00000E+00 2.50000E+01
 -1       756 7.08333E+00 5.00000E+00 2.00000E+01
 -1       757 7.08333E+00 0.00000E+00 2.00000E+01
 -1       758 1.16667E+01 0.00000E+00 1.50000E+01
 -1       759 1.16667E+01 2.50000E+00 1.00000E+01
 -1       760 1.16667E+01 5.00000E+00 1.50000E+01
 -1       761 7.08333E+00 5.00000E+00 1.00000E+01
 -1       762 7.08333E+00 0.00000E+00 1.00000E+01
 -1       763 1.16667E+01 0.00000E+00 5.00000E+00
 -1       764 1.16667E+01 2.50000E+00 0.00000E+00
 -1       765 1.16667E+01 5.00000E+00 5.00000E+00
 -1       766 7.08333E+00 5.00000E+00 0.00000E+00
 -1       767 7.08333E+00 0.00000E+00 0.00000E+00
 -1       768 2.08333E+01 0.00000E+00 1.95000E+02
 -1       769 2.08333E+01 2.50000E+00 1.90000E+02
 -1       770 2.08333E+01 5.00000E+00 1.95000E+02
 -1       771 2.08333E+01 2.50000E+00 2.00000E+02
 -1       772 1.62500E+01 5.00000E+00 2.00000E+02
 -1       773 1.62500E+01 0.00000E+00 2.00000E+02
 -1       774 1.62500E+01 5.00000E+00 1.90000E+02
 -1       775 1.62500E+01 0.00000E+00 1.90000E+02
 -1       776 2.08333E+01 0.00000E+00 1.85000E+02
 -1       777 2.08333E+01 2.50000E+00 1.80000E+02
 -1       778 2.08333E+01 5.00000E+00 1.85000E+02
 -1       779 1.62500E+01 5.00000E+00 1.80000E+02
 -1       780 1.62500E+01 0.00000E+00 1.80000E+02
 -1       781 2.08333E+01 0.00000E+00 1.75000E+02
 -1       782 2.08333E+01 2.50000E+00 1.70000E+02
 -1       783 2.08333E+01 5.00000E+00 1.75000E+02
 -1       784 1.62500E+01 5.00000E+00 1.70000E+02
 -1       785 1.62500E+01 0.00000E+00 1.70000E+02
 -1       786 2.08333E+01 0.00000E+00 1.65000E+02
 -1       787 2.08333E+01 2.50000E+00 1.60000E+02
 -1       788 2.08333E+01 5.00000E+00 1.65000E+02
 -1       789 1.62500E+01 5.00000E+00 1.60000E+02
 -1       790 1.62500E+01 0.00000E+00 1.60000E+02
 -1       791 2.08333E+01 0.00000E+00 1.55000E+02
 -1       792 2.08333E+01 2.50000E+00 1.50000E+02
 -1       793 2.08333E+01 5.00000E+00 1.55000E+02
 -1       794 1.62500E+01 5.00000E+00 1.50000E+02
 -1       795 1.62500E+01 0.00000E+00 1.50000E+02
 -1       796 2.08333E+01 0.00000E+00 1.45000E+02
 -1       797 2.08333E+01 2.50000E+00 1.40000E+02
 -1       798 2.08333E+01 5.00000E+00 1.45000E+02
 -1       799 1.62500E+01 5.00000E+00 1.40000E+02
 -1       800 1.62500E+01 0.00000E+00 1.40000E+02
 -1       801 2.08333E+01 0.00000E+00 1.35000E+02
 -1       802 2.08333E+01 2.50000E+00 1.30000E+02
 -1       803 2.08333E+01 5.00000E+00 1.35000E+02
 -1       804 1.62500E+01 5.00000E+00 1.30000E+02
 -1       805 1.62500E+01 0.00000E+00 1.30000E+02
 -1       806 2.08333E+01 0.00000E+00 1.25000E+02
 -1       807 2.08333E+01 2.50000E+00 1.20000E+02
 -1       808 2.08333E+01 5.00000E+00 1.25000E+02
 -1       809 1.62500E+01 5.00000E+00 1.20000E+02
 -1       810 1.62500E+01 0.00000E+00 1.20000E+02
 -1       811 2.08333E+01 0.00000E+00 1.15000E+02
 -1       812 2.08333E+01 2.50000E+00 1.10000E+02
 -1       813 2.08333E+01 5.00000E+00 1.15000E+02
 -1       814 1.62500E+01 5.00000E+00 1.10000E+02
 -1       815 1.62500E+01 0.00000E+00 1.10000E+02
 -1       816 2.08333E+01 0.00000E+00 1.05000E+02
 -1       817 2.08333E+01 2.50000E+00 1.00000E+02
 -1       818 2.08333E+01 5.00000E+00 1.05000E+02
 -1       819 1.62500E+01 5.00000E+00 1.00000E+02
 -1       820 1.62500E+01 0.00000E+00 1.00000E+02
 -1       821 2.08333E+01 0.00000E+00 9.50000E+01
 -1       822 2.08333E+01 2.50000E+00 9.00000E+01
 -1       823 2.08333E+01 5.00000E+00 9.50000E+01
 -1       824 1.62500E+01 5.00000E+00 9.00000E+01
 -1       825 1.62500E+01 0.00000E+00 9.00000E+01
 -1       826 2.08333E+01 0.00000E+00 8.50000E+01
 -1       827 2.08333E+01 2.50000E+00 8.00000E+01
 -1       828 2.08333E+01 5.00000E+00 8.50000E+01
 -1       829 1.62500E+01 5.00000E+00 8.00000E+01
 -1       830 1.62500E+01 0.00000E+00 8.00000E+01
 -1       831 2.08333E+01 0.00000E+00 7.50000E+01
 -1       832 2.08333E+01 2.50000E+00 7.00000E+01
 -1       833 2.08333E+01 5.00000E+00 7.50000E+01
 -1       834 1.62500E+01 5.00000E+00 7.00000E+01
 -1       835 1.62500E+01 0.00000E+00 7.00000E+01
 -1       836 2.08333E+01 0.00000E+00 6.50000E+01
 -1       837 2.08333E+01 2.50000E+00 6.00000E+01
 -1       838 2.08333E+01 5.00000E+00 6.50000E+01
 -1       839 1.62500E+01 5.00000E+00 6.00000E+01
 -1       840 1.62500E+01 0.00000E+00 6.00000E+01
 -1       841 2.08333E+01 0.00000E+00 5.50000E+01
 -1       842 2.08333E+01 2.50000E+00 5.00000E+01
 -1       843 2.08333E+01 5.00000E+00 5.50000E+01
 -1       844 1.62500E+01 5.00000E+00 5.00000E+01
 -1       845 1.62500E+01 0.00000E+00 5.00000E+01
 -1       846 2.08333E+01 0.00000E+00 4.50000E+01
 -1       847 2.08333E+01 2.50000E+00 4.00000E+01
 -1       848 2.08333E+01 5.00000E+00 4.50000E+01
 -1       849 1.62500E+01 5.00000E+00 4.00000E+01
 -1       850 1.62500E+01 0.00000E+00 4.00000E+01
 -1       851 2.08333E+01 0.00000E+00 3.50000E+01
 -1       852 2.08333E+01 2.50000E+00 3.00000E+01
 -1       853 2.08333E+01 5.00000E+00 3.50000E+01
 -1       854 1.62500E+01 5.00000E+00 3.00000E+01
 -1       855 1.62500E+01 0.00000E+00 3.00000E+01
 -1       856 2.08333E+01 0.00000E+00 2.50000E+01
 -1       857 2.08333E+01 2.50000E+00 2.00000E+01
 -1       858 2.08333E+01 5.00000E+00 2.50000E+01
 -1       859 1.62500E+01 5.00000E+00 2.00000E+01
 -1       860 1.62500E+01 0.00000E+00 2.00000E+01
 -1       861 2.08333E+01 0.00000E+00 1.50000E+01
 -1       862 2.08333E+01 2.50000E+00 1.00000E+01
 -1       863 2.08333E+01 5.00000E+00 1.50000E+01
 -1       864 1.62500E+01 5.00000E+00 1.00000E+01
 -1       865 1.62500E+01 0.00000E+00 1.00000E+01
 -1       866 2.08333E+01 0.00000E+00 5.00000E+00
 -1       867 2.08333E+01 2.50000E+00 0.00000E+00
 -1       868 2.08333E+01 5.00000E+00 5.00000E+00
 -1       869 1.62500E+01 5.00000E+00 0.00000E+00
 -1       870 1.62500E+01 0.00000E+00 0.00000E+00
 -1       871 3.00000E+01 0.00000E+00 1.95000E+02
 -1       872 3.00000E+01 2.50000E+00 1.90000E+02
 -1       873 3.00000E+01 5.00000E+00 1.95000E+02
 -1       874 3.00000E+01 2.50000E+00 2.00000E+02
 -1       875 2.54167E+01 5.00000E+00 2.00000E+02
 -1       876 2.54167E+01 0.00000E+00 2.00000E+02
 -1       877 2.54167E+01 5.00000E+00 1.90000E+02
 -1       878 2.54167E+01 0.00000E+00 1.90000E+02
 -1       879 3.00000E+01 0.00000E+00 1.85000E+02
 -1       880 3.00000E+01 2.50000E+00 1.80000E+02
 -1       881 3.00000E+01 5.00000E+00 1.85000E+02
 -1       882 2.54167E+01 5.00000E+00 1.80000E+02
 -1       883 2.54167E+01 0.00000E+00 1.80000E+02
 -1       884 3.00000E+01 0.00000E+00 1.75000E+02
 -1       885 3.00000E+01 2.50000E+00 1.70000E+02
 -1       886 3.00000E+01 5.00000E+00 1.75000E+02
 -1       887 2.54167E+01 5.00000E+00 1.70000E+02
 -1       888 2.54167E+01 0.00000E+00 1.70000E+02
 -1       889 3.00000E+01 0.00000E+00 1.65000E+02
 -1       890 3.00000E+01 2.50000E+00 1.60000E+02
 -1       891 3.00000E+01 5.00000E+00 1.65000E+02
 -1       892 2.54167E+01 5.00000E+00 1.60000E+02
 -1       893 2.54167E+01 0.00000E+00 1.60000E+02
 -1       894 3.00000E+01 0.00000E+00 1.55000E+02
 -1       895 3.00000E+01 2.50000E+00 1.50000E+02
 -1       896 3.00000E+01 5.00000E+00 1.55000E+02
 -1       897 2.54167E+01 5.00000E+00 1.50000E+02
 -1       898 2.54167E+01 0.00000E+00 1.50000E+02
 -1       899 3.00000E+01 0.00000E+00 1.45000E+02
 -1       900 3.00000E+01 2.50000E+00 1.40000E+02
 -1       901 3.00000E+01 5.00000E+00 1.45000E+02
 -1       902 2.54167E+01 5.00000E+00 1.40000E+02
 -1       903 2.54167E+01 0.00000E+00 1.40000E+02
 -1       904 3.00000E+01 0.00000E+00 1.35000E+02
 -1       905 3.00000E+01 2.50000E+00 1.30000E+02
 -1       906 3.00000E+01 5.00000E+00 1.35000E+02
 -1       907 2.54167E+01 5.00000E+00 1.30000E+02
 -1       908 2.54167E+01 0.00000E+00 1.30000E+02
 -1       909 3.00000E+01 0.00000E+00 1.25000E+02
 -1       910 3.00000E+01 2.50000E+00 1.20000E+02
 -1       911 3.00000E+01 5.00000E+00 1.25000E+02
 -1       912 2.54167E+01 5.00000E+00 1.20000E+02
 -1       913 2.54167E+01 0.00000E+00 1.20000E+02
 -1       914 3.00000E+01 0.00000E+00 1.15000E+02
 -1       915 3.00000E+01 2.50000E+00 1.10000E+02
 -1       916 3.00000E+01 5.00000E+00 1.15000E+02
 -1       917 2.54167E+01 5.00000E+00 1.10000E+02
 -1       918 2.54167E+01 0.00000E+00 1.10000E+02
 -1       919 3.00000E+01 0.00000E+00 1.05000E+02
 -1       920 3.00000E+01 2.50000E+00 1.00000E+02
 -1       921 3.00000E+01 5.00000E+00 1.05000E+02
 -1       922 2.54167E+01 5.00000E+00 1.00000E+02
 -1       923 2.54167E+01 0.00000E+00 1.00000E+02
 -1       924 3.00000E+01 0.00000E+00 9.50000E+01
 -1       925 3.00000E+01 2.50000E+00 9.00000E+01
 -1       926 3.00000E+01 5.00000E+00 9.50000E+01
 -1       927 2.54167E+01 5.00000E+00 9.00000E+01
 -1       928 2.54167E+01 0.00000E+00 9.00000E+01
 -1       929 3.00000E+01 0.00000E+00 8.50000E+01
 -1       930 3.00000E+01 2.50000E+00 8.00000E+01
 -1       931 3.00000E+01 5.00000E+00 8.50000E+01
 -1       932 2.54167E+01 5.00000E+00 8.00000E+01
 -1       933 2.54167E+01 0.00000E+00 8.00000E+01
 -1       934 3.00000E+01 0.00000E+00 7.50000E+01
 -1       935 3.00000E+01 2.50000E+00 7.00000E+01
 -1       936 3.00000E+01 5.00000E+00 7.50000E+01
 -1       937 2.54167E+01 5.00000E+00 7.00000E+01
 -1       938 2.54167E+01 0.00000E+00 7.00000E+01
 -1       939 3.00000E+01 0.00000E+00 6.50000E+01
 -1       940 3.00000E+01 2.50000E+00 6.00000E+01
 -1       941 3.00000E+01 5.00000E+00 6.50000E+01
 -1       942 2.54167E+01 5.00000E+00 6.00000E+01
 -1       943 2.54167E+01 0.00000E+00 6.00000E+01
 -1       944 3.00000E+01 0.00000E+00 5.50000E+01
 -1       945 3.00000E+01 2.50000E+00 5.00000E+01
 -1       946 3.00000E+01 5.00000E+00 5.50000E+01
 -1       947 2.54167E+01 5.00000E+00 5.00000E+01
 -1       948 2.54167E+01 0.00000E+00 5.00000E+01
 -1       949 3.00000E+01 0.00000E+00 4.50000E+01
 -1       950 3.00000E+01 2.50000E+00 4.00000E+01
 -1       951 3.00000E+01 5.00000E+00 4.50000E+01
 -1       952 2.54167E+01 5.00000E+00 4.00000E+01
 -1       953 2.54167E+01 0.00000E+00 4.00000E+01
 -1       954 3.00000E+01 0.00000E+00 3.50000E+01
 -1       955 3.00000E+01 2.50000E+00 3.00000E+01
 -1       956 3.00000E+01 5.00000E+00 3.50000E+01
 -1       957 2.54167E+01 5.00000E+00 3.00000E+01
 -1       958 2.54167E+01 0.00000E+00 3.00000E+01
 -1       959 3.00000E+01 0.00000E+00 2.50000E+01
 -1       960 3.00000E+01 2.50000E+00 2.00000E+01
 -1       961 3.00000E+01 5.00000E+00 2.50000E+01
 -1       962 2.54167E+01 5.00000E+00 2.00000E+01
 -1       963 2.54167E+01 0.00000E+00 2.00000E+01
 -1       964 3.00000E+01 0.00000E+00 1.50000E+01
 -1       965 3.00000E+01 2.50000E+00 1.00000E+01
 -1       966 3.00000E+01 5.00000E+00 1.50000E+01
 -1       967 2.54167E+01 5.00000E+00 1.00000E+01
 -1       968 2.54167E+01 0.00000E+00 1.00000E+01
 -1       969 3.00000E+01 0.00000E+00 5.00000E+00
 -1       970 3.00000E+01 2.50000E+00 0.00000E+00
 -1       971 3.00000E+01 5.00000E+00 5.00000E+00
 -1       972 2.54167E+01 5.00000E+00 0.00000E+00
 -1       973 2.54167E+01 0.00000E+00 0.00000E+00
 -3
    3C                           120                                     1
 -1         1    4    0    1
 -2        43        44        46        45         1         2         4         3       298       297
 -2       296       295       304       303       305       306       299       300       301       302
 -1         2    4    0    1
 -2        45        46        48        47         3         4         6         5       296       309
 -2       308       307       306       305       313       314       301       310       311       312
 -1         3    4    0    1
 -2        47        48        50        49         5         6         8         7       308       317
 -2       316       315       314       313       321       322       311       318       319       320
 -1         4    4    0    1
 -2        49        50        52        51         7         8        10         9       316       325
 -2       324       323       322       321       329       330       319       326       327       328
 -1         5    4    0    1
 -2        51        52        54        53         9        10        12        11       324       333
 -2       332       331       330       329       337       338       327       334       335       336
 -1         6    4    0    1
 -2        53        54        56        55        11        12        14        13       332       341
 -2       340       339       338       337       345       346       335       342       343       344
 -1         7    4    0    1
 -2        55        56        58        57        13        14        16        15       340       349
 -2       348       347       346       345       353       354       343       350       351       352
 -1         8    4    0    1
 -2        57        58        60        59        15        16        18        17       348       357
 -2       356       355       354       353       361       362       351       358       359       360
 -1         9    4    0    1
 -2        59        60        62        61        17        18        20        19       356       365
 -2       364       363       362       361       369       370       359       366       367       368
 -1        10    4    0    1
 -2        61        62        64        63        19        20        22        21       364       373
 -2       372       371       370       369       377       378       367       374       375       376
 -1        11    4    0    1
 -2        63        64        66        65        21        22        24        23       372       381
 -2       380       379       378       377       385       386       375       382       383       384
 -1        12    4    0    1
 -2        65        66        68        67        23        24        26        25       380       389
 -2       388       387       386       385       393       394       383       390       391       392
 -1        13    4    0    1
 -2        67        68        70        69        25        26        28        27       388       397
 -2       396       395       394       393       401       402       391       398       399       400
 -1        14    4    0    1
 -2        69        70        72        71        27        28        30        29       396       405
 -2       404       403       402       401       409       410       399       406       407       408
 -1        15    4    0    1
 -2        71        72        74        73        29        30        32        31       404       413
 -2       412       411       410       409       417       418       407       414       415       416
 -1        16    4    0    1
 -2        73        74        76        75        31        32        34        33       412       421
 -2       420       419       418       417       425       426       415       422       423       424
 -1        17    4    0    1
 -2        75        76        78        77        33        34        36        35       420       429
 -2       428       427       426       425       433       434       423       430       431       432
 -1        18    4    0    1
 -2        77        78        80        79        35        36        38        37       428       437
 -2       436       435       434       433       441       442       431       438       439       440
 -1        19    4    0    1
 -2        79        80        82        81        37        38        40        39       436       445
 -2       444       443       442       441       449       450       439       446       447       448
 -1        20    4    0    1
 -2        81        82        84        83        39        40        42        41       444       453
 -2       452       451       450       449       457       458       447       454       455       456
 -1        21    4    0    1
 -2        85        86        88        87        43        44        46        45       462       461
 -2       460       459       464       463       465       466       298       297       296       295
 -1        22    4    0    1
 -2        87        88        90        89        45        46        48        47       460       469
 -2       468       467       466       465       470       471       296       309       308       307
 -1        23    4    0    1
 -2        89        90        92        91        47        48        50        49       468       474
 -2       473       472       471       470       475       476       308       317       316       315
 -1        24    4    0    1
 -2        91        92        94        93        49        50        52        51       473       479
 -2       478       477       476       475       480       481       316       325       324       323
 -1        25    4    0    1
 -2        93        94        96        95        51        52        54        53       478       484
 -2       483       482       481       480       485       486       324       333       332       331
 -1        26    4    0    1
 -2        95        96        98        97        53        54        56        55       483       489
 -2       488       487       486       485       490       491       332       341       340       339
 -1        27    4    0    1
 -2        97        98       100        99        55        56        58        57       488       494
 -2       493       492       491       490       495       496       340       349       348       347
 -1        28    4    0    1
 -2        99       100       102       101        57        58        60        59       493       499
 -2       498       497       496       495       500       501       348       357       356       355
 -1        29    4    0    1
 -2       101       102       104       103        59        60        62        61       498       504
 -2       503       502       501       500       505       506       356       365       364       363
 -1        30    4    0    1
 -2       103       104       106       105        61        62        64        63       503       509
 -2       508       507       506       505       510       511       364       373       372       371
 -1        31    4    0    1
 -2       105       106       108       107        63        64        66        65       508       514
 -2       513       512       511       510       515       516       372       381       380       379
 -1        32    4    0    1
 -2       107       108       110       109        65        66        68        67       513       519
 -2       518       517       516       515       520       521       380       389       388       387
 -1        33    4    0    1
 -2       109       110       112       111        67        68        70        69       518       524
 -2       523       522       521       520       525       526       388       397       396       395
 -1        34    4    0    1
 -2       111       112       114       113        69        70        72        71       523       529
 -2       528       527       526       525       530       531       396       405       404       403
 -1        35    4    0    1
 -2       113       114       116       115        71        72        74        73       528       534
 -2       533       532       531       530       535       536       404       413       412       411
 -1        36    4    0    1
 -2       115       116       118       117        73        74        76        75       533       539
 -2       538       537       536       535       540       541       412       421       420       419
 -1        37    4    0    1
 -2       117       118       120       119        75        76        78        77       538       544
 -2       543       542       541       540       545       546       420       429       428       427
 -1        38    4    0    1
 -2       119       120       122       121        77        78        80        79       543       549
 -2       548       547       546       545       550       551       428       437       436       435
 -1        39    4    0    1
 -2       121       122       124       123        79        80        82        81       548       554
 -2       553       552       551       550       555       556       436       445       444       443
 -1        40    4    0    1
 -2       123       124       126       125        81        82        84        83       553       559
 -2       558       557       556       555       560       561       444       453       452       451
 -1        41    4    0    1
 -2       127       128       130       129        85        86        88        87       565       564
 -2       563       562       567       566       568       569       462       461       460       459
 -1        42    4    0    1
 -2       129       130       132       131        87        88        90        89       563       572
 -2       571       570       569       568       573       574       460       469       468       467
 -1        43    4    0    1
 -2       131       132       134       133        89        90        92        91       571       577
 -2       576       575       574       573       578       579       468       474       473       472
 -1        44    4    0    1
 -2       133       134       136       135        91        92        94        93       576       582
 -2       581       580       579       578       583       584       473       479       478       477
 -1        45    4    0    1
 -2       135       136       138       137        93        94        96        95       581       587
 -2       586       585       584       583       588       589       478       484       483       482
 -1        46    4    0    1
 -2       137       138       140       139        95        96        98        97       586       592
 -2       591       590       589       588       593       594       483       489       488       487
 -1        47    4    0    1
 -2       139       140       142       141        97        98       100        99       591       597
 -2       596       595       594       593       598       599       488       494       493       492
 -1        48    4    0    1
 -2       141       142       144       143        99       100       102       101       596       602
 -2       601       600       599       598       603       604       493       499       498       497
 -1        49    4    0    1
 -2       143       144       146       145       101       102       104       103       601       607
 -2       606       605       604       603       608       609       498       504       503       502
 -1        50    4    0    1
 -2       145       146       148       147       103       104       106       105       606       612
 -2       611       610       609       608       613       614       503       509       508       507
 -1        51    4    0    1
 -2       147       148       150       149       105       106       108       107       611       617
 -2       616       615       614       613       618       619       508       514       513       512
 -1        52    4    0    1
 -2       149       150       152       151       107       108       110       109       616       622
 -2       621       620       619       618       623       624       513       519       518       517
 -1        53    4    0    1
 -2       151       152       154       153       109       110       112       111       621       627
 -2       626       625       624       623       628       629       518       524       523       522
 -1        54    4    0    1
 -2       153       154       156       155       111       112       114       113       626       632
 -2       631       630       629       628       633       634       523       529       528       527
 -1        55    4    0    1
 -2       155       156       158       157       113       114       116       115       631       637
 -2       636       635       634       633       638       639       528       534       533       532
 -1        56    4    0    1
 -2       157       158       160       159       115       116       118       117       636       642
 -2       641       640       639       638       643       644       533       539       538       537
 -1        57    4    0    1
 -2       159       160       162       161       117       118       120       119       641       647
 -2       646       645       644       643       648       649       538       544       543       542
 -1        58    4    0    1
 -2       161       162       164       163       119       120       122       121       646       652
 -2       651       650       649       648       653       654       543       549       548       547
 -1        59    4    0    1
 -2       163       164       166       165       121       122       124       123       651       657
 -2       656       655       654       653       658       659       548       554       553       552
 -1        60    4    0    1
 -2       165       166       168       167       123       124       126       125       656       662
 -2       661       660       659       658       663       664       553       559       558       557
 -1        61    4    0    1
 -2       169       170       172       171       127       128       130       129       668       667
 -2       666       665       670       669       671       672       565       564       563       562
 -1        62    4    0    1
 -2       171       172       174       173       129       130       132       131       666       675
 -2       674       673       672       671       676       677       563       572       571       570
 -1        63    4    0    1
 -2       173       174       176       175       131       132       134       133       674       680
 -2       679       678       677       676       681       682       571       577       576       575
 -1        64    4    0    1
 -2       175       176       178       177       133       134       136       135       679       685
 -2       684       683       682       681       686       687       576       582       581       580
 -1        65    4    0    1
 -2       177       178       180       179       135       136       138       137       684       690
 -2       689       688       687       686       691       692       581       587       586       585
 -1        66    4    0    1
 -2       179       180       182       181       137       138       140       139       689       695
 -2       694       693       692       691       696       697       586       592       591       590
 -1        67    4    0    1
 -2       181       182       184       183       139       140       142       141       694       700
 -2       699       698       697       696       701       702       591       597       596       595
 -1        68    4    0    1
 -2       183       184       186       185       141       142       144       143       699       705
 -2       704       703       702       701       706       707       596       602       601       600
 -1        69    4    0    1
 -2       185       186       188       187       143       144       146       145       704       710
 -2       709       708       707       706       711       712       601       607       606       605
 -1        70    4    0    1
 -2       187       188       190       189       145       146       148       147       709       715
 -2       714       713       712       711       716       717       606       612       611       610
 -1        71    4    0    1
 -2       189       190       192       191       147       148       150       149       714       720
 -2       719       718       717       716       721       722       611       617       616       615
 -1        72    4    0    1
 -2       191       192       194       193       149       150       152       151       719       725
 -2       724       723       722       721       726       727       616       622       621       620
 -1        73    4    0    1
 -2       193       194       196       195       151       152       154       153       724       730
 -2       729       728       727       726       731       732       621       627       626       625
 -1        74    4    0    1
 -2       195       196       198       197       153       154       156       155       729       735
 -2       734       733       732       731       736       737       626       632       631       630
 -1        75    4    0    1
 -2       197       198       200       199       155       156       158       157       734       740
 -2       739       738       737       736       741       742       631       637       636       635
 -1        76    4    0    1
 -2       199       200       202       201       157       158       160       159       739       745
 -2       744       743       742       741       746       747       636       642       641       640
 -1        77    4    0    1
 -2       201       202       204       203       159       160       162       161       744       750
 -2       749       748       747       746       751       752       641       647       646       645
 -1        78    4    0    1
 -2       203       204       206       205       161       162       164       163       749       755
 -2       754       753       752       751       756       757       646       652       651       650
 -1        79    4    0    1
 -2       205       206       208       207       163       164       166       165       754       760
 -2       759       758       757       756       761       762       651       657       656       655
 -1        80    4    0    1
 -2       207       208       210       209       165       166       168       167       759       765
 -2       764       763       762       761       766       767       656       662       661       660
 -1        81    4    0    1
 -2       211       212       214       213       169       170       172       171       771       770
 -2       769       768       773       772       774       775       668       667       666       665
 -1        82    4    0    1
 -2       213       214       216       215       171       172       174       173       769       778
 -2       777       776       775       774       779       780       666       675       674       673
 -1        83    4    0    1
 -2       215       216       218       217       173       174       176       175       777       783
 -2       782       781       780       779       784       785       674       680       679       678
 -1        84    4    0    1
 -2       217       218       220       219       175       176       178       177       782       788
 -2       787       786       785       784       789       790       679       685       684       683
 -1        85    4    0    1
 -2       219       220       222       221       177       178       180       179       787       793
 -2       792       791       790       789       794       795       684       690       689       688
 -1        86    4    0    1
 -2       221       222       224       223       179       180       182       181       792       798
 -2       797       796       795       794       799       800       689       695       694       693
 -1        87    4    0    1
 -2       223       224       226       225       181       182       184       183       797       803
 -2       802       801       800       799       804       805       694       700       699       698
 -1        88    4    0    1
 -2       225       226       228       227       183       184       186       185       802       808
 -2       807       806       805       804       809       810       699       705       704       703
 -1        89    4    0    1
 -2       227       228       230       229       185       186       188       187       807       813
 -2       812       811       810       809       814       815       704       710       709       708
 -1        90    4    0    1
 -2       229       230       232       231       187       188       190       189       812       818
 -2       817       816       815       814       819       820       709       715       714       713
 -1        91    4    0    1
 -2       231       232       234       233       189       190       192       191       817       823
 -2       822       821       820       819       824       825       714       720       719       718
 -1        92    4    0    1
 -2       233       234       236       235       191       192       194       193       822       828
 -2       827       826       825       824       829       830       719       725       724       723
 -1        93    4    0    1
 -2       235       236       238       237       193       194       196       195       827       833
 -2       832       831       830       829       834       835       724       730       729       728
 -1        94    4    0    1
 -2       237       238       240       239       195       196       198       197       832       838
 -2       837       836       835       834       839       840       729       735       734       733
 -1        95    4    0    1
 -2       239       240       242       241       197       198       200       199       837       843
 -2       842       841       840       839       844       845       734       740       739       738
 -1        96    4    0    1
 -2       241       242       244       243       199       200       202       201       842       848
 -2       847       846       845       844       849       850       739       745       744       743
 -1        97    4    0    1
 -2       243       244       246       245       201       202       204       203       847       853
 -2       852       851       850       849       854       855       744       750       749       748
 -1        98    4    0    1
 -2       245       246       248       247       203       204       206       205       852       858
 -2       857       856       855       854       859       860       749       755       754       753
 -1        99    4    0    1
 -2       247       248       250       249       205       206       208       207       857       863
 -2       862       861       860       859       864       865       754       760       759       758
 -1       100    4    0    1
 -2       249       250       252       251       207       208       210       209       862       868
 -2       867       866       865       864       869       870       759       765       764       763
 -1       101    4    0    1
 -2       253       254       256       255       211       212       214       213       874       873
 -2       872       871       876       875       877       878       771       770       769       768
 -1       102    4    0    1
 -2       255       256       258       257       213       214       216       215       872       881
 -2       880       879       878       877       882       883       769       778       777       776
 -1       103    4    0    1
 -2       257       258       260       259       215       216       218       217       880       886
 -2       885       884       883       882       887       888       777       783       782       781
 -1       104    4    0    1
 -2       259       260       262       261       217       218       220       219       885       891
 -2       890       889       888       887       892       893       782       788       787       786
 -1       105    4    0    1
 -2       261       262       264       263       219       220       222       221       890       896
 -2       895       894       893       892       897       898       787       793       792       791
 -1       106    4    0    1
 -2       263       264       266       265       221       222       224       223       895       901
 -2       900       899       898       897       902       903       792       798       797       796
 -1       107    4    0    1
 -2       265       266       268       267       223       224       226       225       900       906
 -2       905       904       903       902       907       908       797       803       802       801
 -1       108    4    0    1
 -2       267       268       270       269       225       226       228       227       905       911
 -2       910       909       908       907       912       913       802       808       807       806
 -1       109    4    0    1
 -2       269       270       272       271       227       228       230       229       910       916
 -2       915       914       913       912       917       918       807       813       812       811
 -1       110    4    0    1
 -2       271       272       274       273       229       230       232       231       915       921
 -2       920       919       918       917       922       923       812       818       817       816
 -1       111    4    0    1
 -2       273       274       276       275       231       232       234       233       920       926
 -2       925       924       923       922       927       928       817       823       822       821
 -1       112    4    0    1
 -2       275       276       278       277       233       234       236       235       925       931
 -2       930       929       928       927       932       933       822       828       827       826
 -1       113    4    0    1
 -2       277       278       280       279       235       236       238       237       930       936
 -2       935       934       933       932       937       938       827       833       832       831
 -1       114    4    0    1
 -2       279       280       282       281       237       238       240       239       935       941
 -2       940       939       938       937       942       943       832       838       837       836
 -1       115    4    0    1
 -2       281       282       284       283       239       240       242       241       940       946
 -2       945       944       943       942       947       948       837       843       842       841
 -1       116    4    0    1
 -2       283       284       286       285       241       242       244       243       945       951
 -2       950       949       948       947       952       953       842       848       847       846
 -1       117    4    0    1
 -2       285       286       288       287       243       244       246       245       950       956
 -2       955       954       953       952       957       958       847       853       852       851
 -1       118    4    0    1
 -2       287       288       290       289       245       246       248       247       955       961
 -2       960       959       958       957       962       963       852       858       857       856
 -1       119    4    0    1
 -2       289       290       292       291       247       248       250       249       960       966
 -2       965       964       963       962       967       968       857       863       862       861
 -1       120    4    0    1
 -2       291       292       294       293       249       250       252       251       965       971
 -2       970       969       968       967       972       973       862       868       867       866
 -3
 9999
